Generated at 2015-07-13 00:33:33 -0700
NoMethodError: No resource or method named `file_cache_path' for `Chef::Recipe "/home/brandon/git/chef-solo/solo.rb"'
/usr/local/rvm/gems/ruby-2.2.1/gems/chef-12.4.1/lib/chef/dsl/recipe.rb:174:in `rescue in method_missing'
/usr/local/rvm/gems/ruby-2.2.1/gems/chef-12.4.1/lib/chef/dsl/recipe.rb:171:in `method_missing'
/home/brandon/git/chef-solo/solo.rb:1:in `from_file'
/usr/local/rvm/gems/ruby-2.2.1/gems/chef-12.4.1/lib/chef/mixin/from_file.rb:30:in `instance_eval'
/usr/local/rvm/gems/ruby-2.2.1/gems/chef-12.4.1/lib/chef/mixin/from_file.rb:30:in `from_file'
/usr/local/rvm/gems/ruby-2.2.1/gems/chef-12.4.1/lib/chef/run_context.rb:185:in `load_recipe_file'
/usr/local/rvm/gems/ruby-2.2.1/gems/chef-12.4.1/lib/chef/policy_builder/expand_node_object.rb:90:in `block in setup_run_context'
/usr/local/rvm/gems/ruby-2.2.1/gems/chef-12.4.1/lib/chef/policy_builder/expand_node_object.rb:89:in `each'
/usr/local/rvm/gems/ruby-2.2.1/gems/chef-12.4.1/lib/chef/policy_builder/expand_node_object.rb:89:in `setup_run_context'
/usr/local/rvm/gems/ruby-2.2.1/gems/chef-12.4.1/lib/chef/client.rb:486:in `setup_run_context'
/usr/local/rvm/gems/ruby-2.2.1/gems/chef-12.4.1/lib/chef/client.rb:266:in `run'
/usr/local/rvm/gems/ruby-2.2.1/gems/chef-12.4.1/lib/chef/application.rb:270:in `block in fork_chef_client'
/usr/local/rvm/gems/ruby-2.2.1/gems/chef-12.4.1/lib/chef/application.rb:258:in `fork'
/usr/local/rvm/gems/ruby-2.2.1/gems/chef-12.4.1/lib/chef/application.rb:258:in `fork_chef_client'
/usr/local/rvm/gems/ruby-2.2.1/gems/chef-12.4.1/lib/chef/application.rb:224:in `block in run_chef_client'
/usr/local/rvm/gems/ruby-2.2.1/gems/chef-12.4.1/lib/chef/local_mode.rb:39:in `with_server_connectivity'
/usr/local/rvm/gems/ruby-2.2.1/gems/chef-12.4.1/lib/chef/application.rb:212:in `run_chef_client'
/usr/local/rvm/gems/ruby-2.2.1/gems/chef-12.4.1/lib/chef/application/client.rb:402:in `block in interval_run_chef_client'
/usr/local/rvm/gems/ruby-2.2.1/gems/chef-12.4.1/lib/chef/application/client.rb:392:in `loop'
/usr/local/rvm/gems/ruby-2.2.1/gems/chef-12.4.1/lib/chef/application/client.rb:392:in `interval_run_chef_client'
/usr/local/rvm/gems/ruby-2.2.1/gems/chef-12.4.1/lib/chef/application/client.rb:382:in `run_application'
/usr/local/rvm/gems/ruby-2.2.1/gems/chef-12.4.1/lib/chef/application.rb:60:in `run'
/usr/local/rvm/gems/ruby-2.2.1/gems/chef-12.4.1/bin/chef-client:26:in `<top (required)>'
/usr/local/rvm/gems/ruby-2.2.1/bin/chef-client:23:in `load'
/usr/local/rvm/gems/ruby-2.2.1/bin/chef-client:23:in `<main>'
/usr/local/rvm/gems/ruby-2.2.1/bin/ruby_executable_hooks:15:in `eval'
/usr/local/rvm/gems/ruby-2.2.1/bin/ruby_executable_hooks:15:in `<main>'