Generated at 2015-07-13 07:04:01 -0700
Chef::Exceptions::CookbookNotFound: Cookbook my-nginx-install not found. If you're loading my-nginx-install from another cookbook, make sure you configure the dependency in your metadata
/home/brandon/.rvm/gems/ruby-2.2.1/gems/chef-12.4.1/lib/chef/cookbook/cookbook_collection.rb:38:in `block in initialize'
/home/brandon/.rvm/gems/ruby-2.2.1/gems/ohai-8.5.0/lib/ohai/mash.rb:77:in `yield'
/home/brandon/.rvm/gems/ruby-2.2.1/gems/ohai-8.5.0/lib/ohai/mash.rb:77:in `default'
/home/brandon/.rvm/gems/ruby-2.2.1/gems/ohai-8.5.0/lib/ohai/mash.rb:77:in `default'
/home/brandon/.rvm/gems/ruby-2.2.1/gems/chef-12.4.1/lib/chef/run_context/cookbook_compiler.rb:277:in `[]'
/home/brandon/.rvm/gems/ruby-2.2.1/gems/chef-12.4.1/lib/chef/run_context/cookbook_compiler.rb:277:in `each_cookbook_dep'
/home/brandon/.rvm/gems/ruby-2.2.1/gems/chef-12.4.1/lib/chef/run_context/cookbook_compiler.rb:255:in `add_cookbook_with_deps'
/home/brandon/.rvm/gems/ruby-2.2.1/gems/chef-12.4.1/lib/chef/run_context/cookbook_compiler.rb:88:in `block in cookbook_order'
/home/brandon/.rvm/gems/ruby-2.2.1/gems/chef-12.4.1/lib/chef/run_context/cookbook_compiler.rb:86:in `each'
/home/brandon/.rvm/gems/ruby-2.2.1/gems/chef-12.4.1/lib/chef/run_context/cookbook_compiler.rb:86:in `cookbook_order'
/home/brandon/.rvm/gems/ruby-2.2.1/gems/chef-12.4.1/lib/chef/run_context/cookbook_compiler.rb:98:in `compile_libraries'
/home/brandon/.rvm/gems/ruby-2.2.1/gems/chef-12.4.1/lib/chef/run_context/cookbook_compiler.rb:71:in `compile'
/home/brandon/.rvm/gems/ruby-2.2.1/gems/chef-12.4.1/lib/chef/run_context.rb:97:in `load'
/home/brandon/.rvm/gems/ruby-2.2.1/gems/chef-12.4.1/lib/chef/policy_builder/expand_node_object.rb:87:in `setup_run_context'
/home/brandon/.rvm/gems/ruby-2.2.1/gems/chef-12.4.1/lib/chef/client.rb:486:in `setup_run_context'
/home/brandon/.rvm/gems/ruby-2.2.1/gems/chef-12.4.1/lib/chef/client.rb:266:in `run'
/home/brandon/.rvm/gems/ruby-2.2.1/gems/chef-12.4.1/lib/chef/application.rb:270:in `block in fork_chef_client'
/home/brandon/.rvm/gems/ruby-2.2.1/gems/chef-12.4.1/lib/chef/application.rb:258:in `fork'
/home/brandon/.rvm/gems/ruby-2.2.1/gems/chef-12.4.1/lib/chef/application.rb:258:in `fork_chef_client'
/home/brandon/.rvm/gems/ruby-2.2.1/gems/chef-12.4.1/lib/chef/application.rb:224:in `block in run_chef_client'
/home/brandon/.rvm/gems/ruby-2.2.1/gems/chef-12.4.1/lib/chef/local_mode.rb:39:in `with_server_connectivity'
/home/brandon/.rvm/gems/ruby-2.2.1/gems/chef-12.4.1/lib/chef/application.rb:212:in `run_chef_client'
/home/brandon/.rvm/gems/ruby-2.2.1/gems/chef-12.4.1/lib/chef/application/solo.rb:280:in `block in interval_run_chef_client'
/home/brandon/.rvm/gems/ruby-2.2.1/gems/chef-12.4.1/lib/chef/application/solo.rb:269:in `loop'
/home/brandon/.rvm/gems/ruby-2.2.1/gems/chef-12.4.1/lib/chef/application/solo.rb:269:in `interval_run_chef_client'
/home/brandon/.rvm/gems/ruby-2.2.1/gems/chef-12.4.1/lib/chef/application/solo.rb:247:in `run_application'
/home/brandon/.rvm/gems/ruby-2.2.1/gems/chef-12.4.1/lib/chef/application.rb:60:in `run'
/home/brandon/.rvm/gems/ruby-2.2.1/gems/chef-12.4.1/bin/chef-solo:25:in `<top (required)>'
/home/brandon/.rvm/gems/ruby-2.2.1/bin/chef-solo:23:in `load'
/home/brandon/.rvm/gems/ruby-2.2.1/bin/chef-solo:23:in `<main>'
/home/brandon/.rvm/gems/ruby-2.2.1/bin/ruby_executable_hooks:15:in `eval'
/home/brandon/.rvm/gems/ruby-2.2.1/bin/ruby_executable_hooks:15:in `<main>'